[debug] [2018-04-11T12:28:18.420Z] ----------------------------------------------------------------------
[debug] [2018-04-11T12:28:18.423Z] Command:       /usr/local/Cellar/node/9.5.0/bin/node /usr/local/bin/firebase deploy
[debug] [2018-04-11T12:28:18.423Z] CLI Version:   3.18.2
[debug] [2018-04-11T12:28:18.423Z] Platform:      darwin
[debug] [2018-04-11T12:28:18.423Z] Node Version:  v9.5.0
[debug] [2018-04-11T12:28:18.425Z] Time:          Wed Apr 11 2018 07:28:18 GMT-0500 (EST)
[debug] [2018-04-11T12:28:18.425Z] ----------------------------------------------------------------------
[debug] 
[debug] [2018-04-11T12:28:18.440Z] > command requires scopes: ["email","openid","https://www.googleapis.com/auth/cloudplatformprojects.readonly","https://www.googleapis.com/auth/firebase","https://www.googleapis.com/auth/cloud-platform"]
[debug] [2018-04-11T12:28:18.441Z] > authorizing via signed-in user
[debug] [2018-04-11T12:28:18.442Z] > refreshing access token with scopes: ["email","https://www.googleapis.com/auth/cloud-platform","https://www.googleapis.com/auth/cloudplatformprojects.readonly","https://www.googleapis.com/auth/firebase","openid"]
[debug] [2018-04-11T12:28:18.443Z] >>> HTTP REQUEST POST https://www.googleapis.com/oauth2/v3/token  
 { refresh_token: '1/4ttfehRR26hwjdqmTrir48THfwKp38pZ0A3oqWcz4Jw',
  client_id: '563584335869-fgrhgmd47bqnekij5i8b5pr03ho849e6.apps.googleusercontent.com',
  client_secret: 'j9iVZfS8kkCEFUPaAeJV0sAi',
  grant_type: 'refresh_token',
  scope: 'email https://www.googleapis.com/auth/cloud-platform https://www.googleapis.com/auth/cloudplatformprojects.readonly https://www.googleapis.com/auth/firebase openid' } 
 Wed Apr 11 2018 07:28:18 GMT-0500 (EST)
[debug] [2018-04-11T12:28:18.788Z] <<< HTTP RESPONSE 200
[debug] [2018-04-11T12:28:18.803Z] >>> HTTP REQUEST GET https://admin.firebase.com/v1/projects/tabler-angular-fire  
  
 Wed Apr 11 2018 07:28:18 GMT-0500 (EST)
[debug] [2018-04-11T12:28:19.543Z] <<< HTTP RESPONSE 200
[debug] [2018-04-11T12:28:19.544Z] >>> HTTP REQUEST GET https://admin.firebase.com/v1/database/tabler-angular-fire/tokens  
  
 Wed Apr 11 2018 07:28:19 GMT-0500 (EST)
[debug] [2018-04-11T12:28:20.053Z] <<< HTTP RESPONSE 200
[info] 
[info] === Deploying to 'tabler-angular-fire'...
[info] 
[info] i  deploying hosting
[info] i  hosting: preparing dist/apps/fire directory for upload...
[debug] [2018-04-11T12:28:21.459Z] >>> HTTP REQUEST PUT https://deploy.firebase.com/v1/hosting/tabler-angular-fire/uploads/-L9ofP5FtESLlw3Z-BJg?fileCount=122&message=  
  
 Wed Apr 11 2018 07:28:21 GMT-0500 (EST)
